CUCUMBER JAVA SELENIUM Project:

The Assignment is done using Java 1.5 with IntellJ editor.

Also uses:
1. Cucumber with Java and Selenium
2. Picocontainer
3. Maven compiler
4. Maven cucumber reporting
5. Selenium POM

1. How to deal with the POM and the interfaces effectively?
   I could not figure it out to the, to Products.java is directly finding the webElements.

2. I tried with Java 8, however could not figure out how to use picocontainer with Java 8. (As it doesnt allow extends on the step definition class.)
 
3. contact Page Submit button does not work in the first scenario, however it works in the rest of the Contact.feature scenarios.
   Dont know what is the cause of the issue.
  ERror:
Failed scenarios:
Contact.feature:3 # Scenario: Verify mandatory error messages are displayed

8 Scenarios (1 failed, 7 passed)
32 Steps (1 failed, 1 skipped, 30 passed)
1m55.607s

org.openqa.selenium.NoSuchElementException: no such element: Unable to locate element: {"method":"link text","selector":"Submit"}
  (Session info: chrome=58.0.3029.110)
  (Driver info: chromedriver=2.29.461591 (62ebf098771772160f391d75e589dc567915b233),platform=Windows NT 10.0.14393 x86_64) (WARNING: The server did not provide any stacktrace information)
Command duration or timeout: 37 milliseconds
For documentation on this error, please visit: http://seleniumhq.org/exceptions/no_such_element.html
Build info: version: '3.4.0', revision: 'unknown', time: 'unknown'
System info: host: 'DESKTOP-FA5E7ED', ip: '192.168.2.57', os.name: 'Windows 10', os.arch: 'amd64', os.version: '10.0', java.version: '1.8.0_131'
Driver info: org.openqa.selenium.chrome.ChromeDriver
Capabilities [{applicationCacheEnabled=false, rotatable=false, mobileEmulationEnabled=false, networkConnectionEnabled=false, chrome={chromedriverVersion=2.29.461591 (62ebf098771772160f391d75e589dc567915b233), userDataDir=C:\Users\Amruta\AppData\Local\Temp\scoped_dir8696_22086}, takesHeapSnapshot=true, pageLoadStrategy=normal, databaseEnabled=false, handlesAlerts=true, hasTouchScreen=false, version=58.0.3029.110, platform=XP, browserConnectionEnabled=false, nativeEvents=true, acceptSslCerts=true, locationContextEnabled=true, webStorageEnabled=true, browserName=chrome, takesScreenshot=true, javascriptEnabled=true, cssSelectorsEnabled=true, unexpectedAlertBehaviour=}]
Session ID: 27a5889d7311c92f8f0f2132f9ed65d6
*** Element info: {Using=link text, value=Submit}
        at sun.reflect.NativeConstructorAccessorImpl.newInstance0(Native Method)
        at sun.reflect.NativeConstructorAccessorImpl.newInstance(NativeConstructorAccessorImpl.java:62)
        at sun.reflect.DelegatingConstructorAccessorImpl.newInstance(DelegatingConstructorAccessorImpl.java:45)
        at java.lang.reflect.Constructor.newInstance(Constructor.java:423)
        at org.openqa.selenium.remote.ErrorHandler.createThrowable(ErrorHandler.java:215)
        at org.openqa.selenium.remote.ErrorHandler.throwIfResponseFailed(ErrorHandler.java:167)
        at org.openqa.selenium.remote.RemoteWebDriver.execute(RemoteWebDriver.java:671)
        at org.openqa.selenium.remote.RemoteWebDriver.findElement(RemoteWebDriver.java:410)
        at org.openqa.selenium.remote.RemoteWebDriver.findElementByLinkText(RemoteWebDriver.java:461)
        at org.openqa.selenium.By$ByLinkText.findElement(By.java:246)
        at org.openqa.selenium.remote.RemoteWebDriver.findElement(RemoteWebDriver.java:402)
        at org.openqa.selenium.support.pagefactory.DefaultElementLocator.findElement(DefaultElementLocator.java:69)
        at org.openqa.selenium.support.pagefactory.internal.LocatingElementHandler.invoke(LocatingElementHandler.java:38)
        at com.sun.proxy.$Proxy18.isEnabled(Unknown Source)
        at pageobjects.ContactPage.clickSubmit(ContactPage.java:92)
        at stepdefinitions.ContactSteps.theUserClicksSubmitButton(ContactSteps.java:36)
        at ?.When the user clicks Submit button(Contact.feature:5)
[ERROR] Tests run: 4, Failures: 1, Errors: 0, Skipped: 0, Time elapsed: 116.487 s <<< FAILURE! - in runner.TestRunner
[ERROR] feature(runner.TestRunner)  Time elapsed: 89.683 s  <<< FAILURE!
cucumber.runtime.CucumberException:
org.openqa.selenium.NoSuchElementException: no such element: Unable to locate element: {"method":"link text","selector":"Submit"}
  (Session info: chrome=58.0.3029.110)
  (Driver info: chromedriver=2.29.461591 (62ebf098771772160f391d75e589dc567915b233),platform=Windows NT 10.0.14393 x86_64) (WARNING: The server did not provide any stacktrace information)
Command duration or timeout: 37 milliseconds
For documentation on this error, please visit: http://seleniumhq.org/exceptions/no_such_element.html
Build info: version: '3.4.0', revision: 'unknown', time: 'unknown'
System info: host: 'DESKTOP-FA5E7ED', ip: '192.168.2.57', os.name: 'Windows 10', os.arch: 'amd64', os.version: '10.0', java.version: '1.8.0_131'
Driver info: org.openqa.selenium.chrome.ChromeDriver
Capabilities [{applicationCacheEnabled=false, rotatable=false, mobileEmulationEnabled=false, networkConnectionEnabled=false, chrome={chromedriverVersion=2.29.461591 (62ebf098771772160f391d75e589dc567915b233), userDataDir=C:\Users\Amruta\AppData\Local\Temp\scoped_dir8696_22086}, takesHeapSnapshot=true, pageLoadStrategy=normal, databaseEnabled=false, handlesAlerts=true, hasTouchScreen=false, version=58.0.3029.110, platform=XP, browserConnectionEnabled=false, nativeEvents=true, acceptSslCerts=true, locationContextEnabled=true, webStorageEnabled=true, browserName=chrome, takesScreenshot=true, javascriptEnabled=true, cssSelectorsEnabled=true, unexpectedAlertBehaviour=}]
Session ID: 27a5889d7311c92f8f0f2132f9ed65d6
*** Element info: {Using=link text, value=Submit}
Caused by: org.openqa.selenium.NoSuchElementException:
no such element: Unable to locate element: {"method":"link text","selector":"Submit"}
  (Session info: chrome=58.0.3029.110)
  (Driver info: chromedriver=2.29.461591 (62ebf098771772160f391d75e589dc567915b233),platform=Windows NT 10.0.14393 x86_64) (WARNING: The server did not provide any stacktrace information)
Command duration or timeout: 37 milliseconds
For documentation on this error, please visit: http://seleniumhq.org/exceptions/no_such_element.html
Build info: version: '3.4.0', revision: 'unknown', time: 'unknown'
System info: host: 'DESKTOP-FA5E7ED', ip: '192.168.2.57', os.name: 'Windows 10', os.arch: 'amd64', os.version: '10.0', java.version: '1.8.0_131'
Driver info: org.openqa.selenium.chrome.ChromeDriver
Capabilities [{applicationCacheEnabled=false, rotatable=false, mobileEmulationEnabled=false, networkConnectionEnabled=false, chrome={chromedriverVersion=2.29.461591 (62ebf098771772160f391d75e589dc567915b233), userDataDir=C:\Users\Amruta\AppData\Local\Temp\scoped_dir8696_22086}, takesHeapSnapshot=true, pageLoadStrategy=normal, databaseEnabled=false, handlesAlerts=true, hasTouchScreen=false, version=58.0.3029.110, platform=XP, browserConnectionEnabled=false, nativeEvents=true, acceptSslCerts=true, locationContextEnabled=true, webStorageEnabled=true, browserName=chrome, takesScreenshot=true, javascriptEnabled=true, cssSelectorsEnabled=true, unexpectedAlertBehaviour=}]
Session ID: 27a5889d7311c92f8f0f2132f9ed65d6
*** Element info: {Using=link text, value=Submit}


		